Compiled jquery.js  (4ms)  (pid 6988)
Compiled jquery_ujs.js  (0ms)  (pid 6988)
Compiled contests.js  (993ms)  (pid 6988)
Compiled jquery-1.8.3.min.js  (1ms)  (pid 6988)
Compiled jquery.bracket.js  (0ms)  (pid 6988)
Compiled jquery.bracket.min.js  (0ms)  (pid 6988)
Compiled tournaments.js  (462ms)  (pid 6988)
Compiled users.js  (373ms)  (pid 6988)
Compiled application.js  (2252ms)  (pid 6988)
Compiled contests.css  (73ms)  (pid 6988)
Compiled jquery.bracket.css  (0ms)  (pid 6988)
Compiled jquery.bracket.min.css  (0ms)  (pid 6988)
Compiled jquery.bracket.css  (75ms)  (pid 6988)
Compiled scaffolds.css  (14ms)  (pid 6988)
Compiled tournaments.css  (9ms)  (pid 6988)
Compiled users.css  (9ms)  (pid 6988)
Compiled application.css  (629ms)  (pid 6988)
Compiled jquery.js  (3ms)  (pid 4136)
Compiled jquery_ujs.js  (0ms)  (pid 4136)
Compiled contests.js  (427ms)  (pid 4136)
Compiled jquery-1.8.3.min.js  (0ms)  (pid 4136)
Compiled jquery.bracket.js  (0ms)  (pid 4136)
Compiled jquery.bracket.min.js  (0ms)  (pid 4136)
Compiled tournaments.js  (390ms)  (pid 4136)
Compiled users.js  (368ms)  (pid 4136)
Compiled application.js  (1472ms)  (pid 4136)
Compiled contests.css  (36ms)  (pid 4136)
Compiled jquery.bracket.css  (0ms)  (pid 4136)
Compiled jquery.bracket.min.css  (0ms)  (pid 4136)
Compiled jquery.bracket.css  (105ms)  (pid 4136)
Compiled scaffolds.css  (14ms)  (pid 4136)
Compiled tournaments.css  (5ms)  (pid 4136)
Compiled users.css  (6ms)  (pid 4136)
Compiled application.css  (488ms)  (pid 4136)
